ERROR - 2024-07-24 00:55:12 --> Error connecting to the database: mysqli_sql_exception: Unknown database 'fs2024_ciudadanos' in C:\xampp\htdocs\ciudadanos_crud\ci4_cuidadanos\system\Database\MySQLi\Connection.php:186
Stack trace:
#0 C:\xampp\htdocs\ciudadanos_crud\ci4_cuidadanos\system\Database\MySQLi\Connection.php(186): mysqli->real_connect('localhost', 'root', Object(SensitiveParameterValue), 'fs2024_ciudadan...', 3306, '', 0)
#1 C:\xampp\htdocs\ciudadanos_crud\ci4_cuidadanos\system\Database\BaseConnection.php(421): CodeIgniter\Database\MySQLi\Connection->connect(false)
#2 C:\xampp\htdocs\ciudadanos_crud\ci4_cuidadanos\system\Database\BaseConnection.php(616): CodeIgniter\Database\BaseConnection->initialize()
#3 C:\xampp\htdocs\ciudadanos_crud\ci4_cuidadanos\system\Database\BaseBuilder.php(1636): CodeIgniter\Database\BaseConnection->query('SELECT *\nFROM `...', Array, false)
#4 C:\xampp\htdocs\ciudadanos_crud\ci4_cuidadanos\system\Model.php(286): CodeIgniter\Database\BaseBuilder->get()
#5 C:\xampp\htdocs\ciudadanos_crud\ci4_cuidadanos\system\BaseModel.php(676): CodeIgniter\Model->doFindAll(0, 0)
#6 C:\xampp\htdocs\ciudadanos_crud\ci4_cuidadanos\app\Controllers\Regiones.php(11): CodeIgniter\BaseModel->findAll()
#7 C:\xampp\htdocs\ciudadanos_crud\ci4_cuidadanos\system\CodeIgniter.php(933): App\Controllers\Regiones->index()
#8 C:\xampp\htdocs\ciudadanos_crud\ci4_cuidadanos\system\CodeIgniter.php(509): CodeIgniter\CodeIgniter->runController(Object(App\Controllers\Regiones))
#9 C:\xampp\htdocs\ciudadanos_crud\ci4_cuidadanos\system\CodeIgniter.php(355): CodeIgniter\CodeIgniter->handleRequest(NULL, Object(Config\Cache), false)
#10 C:\xampp\htdocs\ciudadanos_crud\ci4_cuidadanos\system\Boot.php(325): CodeIgniter\CodeIgniter->run()
#11 C:\xampp\htdocs\ciudadanos_crud\ci4_cuidadanos\system\Boot.php(67): CodeIgniter\Boot::runCodeIgniter(Object(CodeIgniter\CodeIgniter))
#12 C:\xampp\htdocs\ciudadanos_crud\ci4_cuidadanos\public\index.php(56): CodeIgniter\Boot::bootWeb(Object(Config\Paths))
#13 {main}

Next CodeIgniter\Database\Exceptions\DatabaseException: Unknown database 'fs2024_ciudadanos' in C:\xampp\htdocs\ciudadanos_crud\ci4_cuidadanos\system\Database\MySQLi\Connection.php:231
Stack trace:
#0 C:\xampp\htdocs\ciudadanos_crud\ci4_cuidadanos\system\Database\BaseConnection.php(421): CodeIgniter\Database\MySQLi\Connection->connect(false)
#1 C:\xampp\htdocs\ciudadanos_crud\ci4_cuidadanos\system\Database\BaseConnection.php(616): CodeIgniter\Database\BaseConnection->initialize()
#2 C:\xampp\htdocs\ciudadanos_crud\ci4_cuidadanos\system\Database\BaseBuilder.php(1636): CodeIgniter\Database\BaseConnection->query('SELECT *\nFROM `...', Array, false)
#3 C:\xampp\htdocs\ciudadanos_crud\ci4_cuidadanos\system\Model.php(286): CodeIgniter\Database\BaseBuilder->get()
#4 C:\xampp\htdocs\ciudadanos_crud\ci4_cuidadanos\system\BaseModel.php(676): CodeIgniter\Model->doFindAll(0, 0)
#5 C:\xampp\htdocs\ciudadanos_crud\ci4_cuidadanos\app\Controllers\Regiones.php(11): CodeIgniter\BaseModel->findAll()
#6 C:\xampp\htdocs\ciudadanos_crud\ci4_cuidadanos\system\CodeIgniter.php(933): App\Controllers\Regiones->index()
#7 C:\xampp\htdocs\ciudadanos_crud\ci4_cuidadanos\system\CodeIgniter.php(509): CodeIgniter\CodeIgniter->runController(Object(App\Controllers\Regiones))
#8 C:\xampp\htdocs\ciudadanos_crud\ci4_cuidadanos\system\CodeIgniter.php(355): CodeIgniter\CodeIgniter->handleRequest(NULL, Object(Config\Cache), false)
#9 C:\xampp\htdocs\ciudadanos_crud\ci4_cuidadanos\system\Boot.php(325): CodeIgniter\CodeIgniter->run()
#10 C:\xampp\htdocs\ciudadanos_crud\ci4_cuidadanos\system\Boot.php(67): CodeIgniter\Boot::runCodeIgniter(Object(CodeIgniter\CodeIgniter))
#11 C:\xampp\htdocs\ciudadanos_crud\ci4_cuidadanos\public\index.php(56): CodeIgniter\Boot::bootWeb(Object(Config\Paths))
#12 {main}
CRITICAL - 2024-07-24 00:55:12 --> CodeIgniter\Database\Exceptions\DatabaseException: Unable to connect to the database.
Main connection [MySQLi]: Unknown database 'fs2024_ciudadanos'
[Method: GET, Route: ver_regiones]
in SYSTEMPATH\Database\BaseConnection.php on line 467.
 1 SYSTEMPATH\Database\BaseConnection.php(616): CodeIgniter\Database\BaseConnection->initialize()
 2 SYSTEMPATH\Database\BaseBuilder.php(1636): CodeIgniter\Database\BaseConnection->query('SELECT *
FROM `regiones`', [], false)
 3 SYSTEMPATH\Model.php(286): CodeIgniter\Database\BaseBuilder->get()
 4 SYSTEMPATH\BaseModel.php(676): CodeIgniter\Model->doFindAll(0, 0)
 5 APPPATH\Controllers\Regiones.php(11): CodeIgniter\BaseModel->findAll()
 6 SYSTEMPATH\CodeIgniter.php(933): App\Controllers\Regiones->index()
 7 SYSTEMPATH\CodeIgniter.php(509): CodeIgniter\CodeIgniter->runController(Object(App\Controllers\Regiones))
 8 SYSTEMPATH\CodeIgniter.php(355): CodeIgniter\CodeIgniter->handleRequest(null, Object(Config\Cache), false)
 9 SYSTEMPATH\Boot.php(325): CodeIgniter\CodeIgniter->run()
10 SYSTEMPATH\Boot.php(67): CodeIgniter\Boot::runCodeIgniter(Object(CodeIgniter\CodeIgniter))
11 FCPATH\index.php(56): CodeIgniter\Boot::bootWeb(Object(Config\Paths))
CRITICAL - 2024-07-24 02:06:07 --> ErrorException: Undefined variable $cod_region
[Method: POST, Route: agregar_regiones]
in APPPATH\Controllers\RegionesController.php on line 31.
 1 APPPATH\Controllers\RegionesController.php(31): CodeIgniter\Debug\Exceptions->errorHandler(2, 'Undefined variable $cod_region', 'C:\\xampp\\htdocs\\ciudadanos_crud\\ci4_cuidadanos\\app\\Controllers\\RegionesController.php', 31)
 2 SYSTEMPATH\CodeIgniter.php(933): App\Controllers\RegionesController->agregarRegiones()
 3 SYSTEMPATH\CodeIgniter.php(509): CodeIgniter\CodeIgniter->runController(Object(App\Controllers\RegionesController))
 4 SYSTEMPATH\CodeIgniter.php(355): CodeIgniter\CodeIgniter->handleRequest(null, Object(Config\Cache), false)
 5 SYSTEMPATH\Boot.php(325): CodeIgniter\CodeIgniter->run()
 6 SYSTEMPATH\Boot.php(67): CodeIgniter\Boot::runCodeIgniter(Object(CodeIgniter\CodeIgniter))
 7 FCPATH\index.php(56): CodeIgniter\Boot::bootWeb(Object(Config\Paths))
CRITICAL - 2024-07-24 02:44:54 --> ParseError: syntax error, unexpected variable "$routes"
[Method: GET, Route: ver_ciudadanos]
in APPPATH\Config\Routes.php on line 30.
 1 SYSTEMPATH\CodeIgniter.php(823): CodeIgniter\Router\RouteCollection->loadRoutes()
 2 SYSTEMPATH\CodeIgniter.php(457): CodeIgniter\CodeIgniter->tryToRouteIt(null)
 3 SYSTEMPATH\CodeIgniter.php(355): CodeIgniter\CodeIgniter->handleRequest(null, Object(Config\Cache), false)
 4 SYSTEMPATH\Boot.php(325): CodeIgniter\CodeIgniter->run()
 5 SYSTEMPATH\Boot.php(67): CodeIgniter\Boot::runCodeIgniter(Object(CodeIgniter\CodeIgniter))
 6 FCPATH\index.php(56): CodeIgniter\Boot::bootWeb(Object(Config\Paths))
CRITICAL - 2024-07-24 02:44:55 --> ParseError: syntax error, unexpected variable "$routes"
[Method: GET, Route: ver_ciudadanos]
in APPPATH\Config\Routes.php on line 30.
 1 SYSTEMPATH\CodeIgniter.php(823): CodeIgniter\Router\RouteCollection->loadRoutes()
 2 SYSTEMPATH\CodeIgniter.php(457): CodeIgniter\CodeIgniter->tryToRouteIt(null)
 3 SYSTEMPATH\CodeIgniter.php(355): CodeIgniter\CodeIgniter->handleRequest(null, Object(Config\Cache), false)
 4 SYSTEMPATH\Boot.php(325): CodeIgniter\CodeIgniter->run()
 5 SYSTEMPATH\Boot.php(67): CodeIgniter\Boot::runCodeIgniter(Object(CodeIgniter\CodeIgniter))
 6 FCPATH\index.php(56): CodeIgniter\Boot::bootWeb(Object(Config\Paths))
CRITICAL - 2024-07-24 02:44:56 --> ParseError: syntax error, unexpected variable "$routes"
[Method: GET, Route: ver_ciudadanos]
in APPPATH\Config\Routes.php on line 30.
 1 SYSTEMPATH\CodeIgniter.php(823): CodeIgniter\Router\RouteCollection->loadRoutes()
 2 SYSTEMPATH\CodeIgniter.php(457): CodeIgniter\CodeIgniter->tryToRouteIt(null)
 3 SYSTEMPATH\CodeIgniter.php(355): CodeIgniter\CodeIgniter->handleRequest(null, Object(Config\Cache), false)
 4 SYSTEMPATH\Boot.php(325): CodeIgniter\CodeIgniter->run()
 5 SYSTEMPATH\Boot.php(67): CodeIgniter\Boot::runCodeIgniter(Object(CodeIgniter\CodeIgniter))
 6 FCPATH\index.php(56): CodeIgniter\Boot::bootWeb(Object(Config\Paths))
